[2024-01-23 05:56:36,328] {taskinstance.py:1179} INFO - Dependencies all met for <TaskInstance: data_cleaning_dag.data_cleaning manual__2024-01-23T05:56:35.021176+00:00 [queued]>
[2024-01-23 05:56:36,332] {taskinstance.py:1179} INFO - Dependencies all met for <TaskInstance: data_cleaning_dag.data_cleaning manual__2024-01-23T05:56:35.021176+00:00 [queued]>
[2024-01-23 05:56:36,332] {taskinstance.py:1376} INFO - 
--------------------------------------------------------------------------------
[2024-01-23 05:56:36,333] {taskinstance.py:1377} INFO - Starting attempt 1 of 1
[2024-01-23 05:56:36,333] {taskinstance.py:1378} INFO - 
--------------------------------------------------------------------------------
[2024-01-23 05:56:36,339] {taskinstance.py:1397} INFO - Executing <Task(PythonOperator): data_cleaning> on 2024-01-23 05:56:35.021176+00:00
[2024-01-23 05:56:36,342] {standard_task_runner.py:52} INFO - Started process 4815 to run task
[2024-01-23 05:56:36,345] {standard_task_runner.py:79} INFO - Running: ['***', 'tasks', 'run', 'data_cleaning_dag', 'data_cleaning', 'manual__2024-01-23T05:56:35.021176+00:00', '--job-id', '102', '--raw', '--subdir', 'DAGS_FOLDER/data_cleaner/cleaner.py', '--cfg-path', '/tmp/tmp8c_euql9', '--error-file', '/tmp/tmph18oev7e']
[2024-01-23 05:56:36,346] {standard_task_runner.py:80} INFO - Job 102: Subtask data_cleaning
[2024-01-23 05:56:36,381] {task_command.py:371} INFO - Running <TaskInstance: data_cleaning_dag.data_cleaning manual__2024-01-23T05:56:35.021176+00:00 [running]> on host 0b2a5e032344
[2024-01-23 05:56:36,422] {taskinstance.py:1591} INFO - Exporting the following env vars:
AIRFLOW_CTX_DAG_OWNER=deepthisen
AIRFLOW_CTX_DAG_ID=data_cleaning_dag
AIRFLOW_CTX_TASK_ID=data_cleaning
AIRFLOW_CTX_EXECUTION_DATE=2024-01-23T05:56:35.021176+00:00
AIRFLOW_CTX_TRY_NUMBER=1
AIRFLOW_CTX_DAG_RUN_ID=manual__2024-01-23T05:56:35.021176+00:00
[2024-01-23 05:56:36,776] {python.py:173} INFO - Done. Returned value was: None
[2024-01-23 05:56:36,786] {taskinstance.py:1420} INFO - Marking task as SUCCESS. dag_id=data_cleaning_dag, task_id=data_cleaning, execution_date=20240123T055635, start_date=20240123T055636, end_date=20240123T055636
[2024-01-23 05:56:36,821] {local_task_job.py:156} INFO - Task exited with return code 0
[2024-01-23 05:56:36,841] {local_task_job.py:273} INFO - 1 downstream tasks scheduled from follow-on schedule check
